Arguments: 
  C:\Program Files\nodejs\node.exe C:\Users\NXVZBGBFBEN\AppData\Roaming\npm\node_modules\yarn\bin\yarn.js add discordjs

PATH: 
  C:\Program Files\PowerShell\7;C:\Python310\Scripts\;C:\Python310\;C:\Program Files\Common Files\Oracle\Java\javapath;C:\Windows\system32;C:\Windows;C:\Windows\System32\Wbem;C:\Windows\System32\WindowsPowerShell\v1.0\;C:\Windows\System32\OpenSSH\;C:\Program Files\dotnet\;C:\Program Files\platform-tools_r33.0.2-windows\platform-tools;C:\Program Files\scrcpy;C:\Program Files\Microsoft VS Code\bin;C:\Program Files\mingw64\bin;C:\Program Files\Java\jdk-18.0.1.1\bin;C:\Program Files\mstools\;C:\Program Files (x86)\JustSystems\JSLIB32;C:\Program Files\usbipd-win\;C:\ProgramData\chocolatey\bin;C:\Program Files\PowerShell\7\;C:\Program Files\nu\bin\;C:\Program Files\Git\cmd;C:\Program Files\nodejs\;C:\Program Files (x86)\gsudo\;C:\Users\NXVZBGBFBEN\AppData\Local\Microsoft\WindowsApps;C:\texlive\2022\bin\win32;C:\Users\NXVZBGBFBEN\AppData\Local\JetBrains\Toolbox\scripts;C:\Users\NXVZBGBFBEN\AppData\Local\GitHubDesktop\bin;C:\Program Files\mingw64\bin;C:\Users\NXVZBGBFBEN\alias;C:\Users\NXVZBGBFBEN\AppData\Roaming\npm

Yarn version: 
  1.22.19

Node version: 
  18.12.1

Platform: 
  win32 x64

Trace: 
  Error: https://registry.yarnpkg.com/discordjs: Not found
      at params.callback [as _callback] (C:\Users\NXVZBGBFBEN\AppData\Roaming\npm\node_modules\yarn\lib\cli.js:66145:18)
      at self.callback (C:\Users\NXVZBGBFBEN\AppData\Roaming\npm\node_modules\yarn\lib\cli.js:140890:22)
      at Request.emit (node:events:513:28)
      at Request.<anonymous> (C:\Users\NXVZBGBFBEN\AppData\Roaming\npm\node_modules\yarn\lib\cli.js:141862:10)
      at Request.emit (node:events:513:28)
      at IncomingMessage.<anonymous> (C:\Users\NXVZBGBFBEN\AppData\Roaming\npm\node_modules\yarn\lib\cli.js:141784:12)
      at Object.onceWrapper (node:events:627:28)
      at IncomingMessage.emit (node:events:525:35)
      at endReadableNT (node:internal/streams/readable:1359:12)
      at process.processTicksAndRejections (node:internal/process/task_queues:82:21)

npm manifest: 
  {
    "name": "digitatt",
    "version": "1.0.0",
    "main": "index.js",
    "scripts": {
      "start": "node index.js"
    },
    "repository": "https://github.com/NXVZBGBFBEN/DigiTatt.git",
    "author": "NXVZBGBFBEN",
    "license": "MIT"
  }

yarn manifest: 
  No manifest

Lockfile: 
  No lockfile
